[INFO  - 2019-06-27T23:42:16.466Z] GhostDriver - Main - running on port 60160
[INFO  - 2019-06-27T23:42:18.593Z] Session [33616c90-9935-11e9-b5c4-636b4da7e410] - page.settings - {"XSSAuditingEnabled":false,"javascriptCanCloseWindows":true,"javascriptCanOpenWindows":true,"javascriptEnabled":true,"loadImages":true,"localToRemoteUrlAccessEnabled":false,"userAgent":"Mozilla/5.0 (Windows NT 6.2; WOW64) AppleWebKit/538.1 (KHTML, like Gecko) PhantomJS/2.1.1 Safari/538.1","webSecurityEnabled":true}
[INFO  - 2019-06-27T23:42:18.593Z] Session [33616c90-9935-11e9-b5c4-636b4da7e410] - page.customHeaders:  - {}
[INFO  - 2019-06-27T23:42:18.593Z] Session [33616c90-9935-11e9-b5c4-636b4da7e410] - Session.negotiatedCapabilities - {"browserName":"phantomjs","version":"2.1.1","driverName":"ghostdriver","driverVersion":"1.2.0","platform":"windows-10-32bit","javascriptEnabled":true,"takesScreenshot":true,"handlesAlerts":false,"databaseEnabled":false,"locationContextEnabled":false,"applicationCacheEnabled":false,"browserConnectionEnabled":false,"cssSelectorsEnabled":true,"webStorageEnabled":false,"rotatable":false,"acceptSslCerts":false,"nativeEvents":true,"proxy":{"proxyType":"direct"}}
[INFO  - 2019-06-27T23:42:18.593Z] SessionManagerReqHand - _postNewSessionCommand - New Session Created: 33616c90-9935-11e9-b5c4-636b4da7e410
[ERROR - 2019-06-27T23:42:24.914Z] Session [33616c90-9935-11e9-b5c4-636b4da7e410] - page.onError - msg: TypeError: null is not an object (evaluating 'e.indexOf')

  phantomjs://platform/console++.js:263 in error
[ERROR - 2019-06-27T23:42:24.914Z] Session [33616c90-9935-11e9-b5c4-636b4da7e410] - page.onError - stack:
  (anonymous function) (https://cdn.appdynamics.com/adrum/adrum-latest.js:28)

  phantomjs://platform/console++.js:263 in error
[ERROR - 2019-06-27T23:42:24.914Z] Session [33616c90-9935-11e9-b5c4-636b4da7e410] - page.onError - msg: TypeError: null is not an object (evaluating 'e.indexOf')

  phantomjs://platform/console++.js:263 in error
[ERROR - 2019-06-27T23:42:24.914Z] Session [33616c90-9935-11e9-b5c4-636b4da7e410] - page.onError - stack:
  (anonymous function) (https://cdn.appdynamics.com/adrum/adrum-latest.js:28)

  phantomjs://platform/console++.js:263 in error
[ERROR - 2019-06-27T23:42:24.915Z] Session [33616c90-9935-11e9-b5c4-636b4da7e410] - page.onError - msg: TypeError: null is not an object (evaluating 'e.indexOf')

  phantomjs://platform/console++.js:263 in error
[ERROR - 2019-06-27T23:42:24.915Z] Session [33616c90-9935-11e9-b5c4-636b4da7e410] - page.onError - stack:
  (anonymous function) (https://cdn.appdynamics.com/adrum/adrum-latest.js:28)

  phantomjs://platform/console++.js:263 in error
[ERROR - 2019-06-27T23:42:24.915Z] Session [33616c90-9935-11e9-b5c4-636b4da7e410] - page.onError - msg: TypeError: null is not an object (evaluating 'e.indexOf')

  phantomjs://platform/console++.js:263 in error
[ERROR - 2019-06-27T23:42:24.915Z] Session [33616c90-9935-11e9-b5c4-636b4da7e410] - page.onError - stack:
  (anonymous function) (https://cdn.appdynamics.com/adrum/adrum-latest.js:28)

  phantomjs://platform/console++.js:263 in error
[ERROR - 2019-06-27T23:42:24.915Z] Session [33616c90-9935-11e9-b5c4-636b4da7e410] - page.onError - msg: TypeError: null is not an object (evaluating 'e.indexOf')

  phantomjs://platform/console++.js:263 in error
[ERROR - 2019-06-27T23:42:24.915Z] Session [33616c90-9935-11e9-b5c4-636b4da7e410] - page.onError - stack:
  (anonymous function) (https://cdn.appdynamics.com/adrum/adrum-latest.js:28)

  phantomjs://platform/console++.js:263 in error
[ERROR - 2019-06-27T23:42:24.915Z] Session [33616c90-9935-11e9-b5c4-636b4da7e410] - page.onError - msg: TypeError: null is not an object (evaluating 'e.indexOf')

  phantomjs://platform/console++.js:263 in error
[ERROR - 2019-06-27T23:42:24.915Z] Session [33616c90-9935-11e9-b5c4-636b4da7e410] - page.onError - stack:
  (anonymous function) (https://cdn.appdynamics.com/adrum/adrum-latest.js:28)

  phantomjs://platform/console++.js:263 in error
[ERROR - 2019-06-27T23:42:24.915Z] Session [33616c90-9935-11e9-b5c4-636b4da7e410] - page.onError - msg: TypeError: null is not an object (evaluating 'e.indexOf')

  phantomjs://platform/console++.js:263 in error
[ERROR - 2019-06-27T23:42:24.915Z] Session [33616c90-9935-11e9-b5c4-636b4da7e410] - page.onError - stack:
  (anonymous function) (https://cdn.appdynamics.com/adrum/adrum-latest.js:28)

  phantomjs://platform/console++.js:263 in error
[ERROR - 2019-06-27T23:42:24.915Z] Session [33616c90-9935-11e9-b5c4-636b4da7e410] - page.onError - msg: TypeError: null is not an object (evaluating 'e.indexOf')

  phantomjs://platform/console++.js:263 in error
[ERROR - 2019-06-27T23:42:24.915Z] Session [33616c90-9935-11e9-b5c4-636b4da7e410] - page.onError - stack:
  (anonymous function) (https://cdn.appdynamics.com/adrum/adrum-latest.js:28)

  phantomjs://platform/console++.js:263 in error
[ERROR - 2019-06-27T23:42:24.916Z] Session [33616c90-9935-11e9-b5c4-636b4da7e410] - page.onError - msg: TypeError: null is not an object (evaluating 'e.indexOf')

  phantomjs://platform/console++.js:263 in error
[ERROR - 2019-06-27T23:42:24.916Z] Session [33616c90-9935-11e9-b5c4-636b4da7e410] - page.onError - stack:
  (anonymous function) (https://cdn.appdynamics.com/adrum/adrum-latest.js:28)

  phantomjs://platform/console++.js:263 in error
[ERROR - 2019-06-27T23:42:24.916Z] Session [33616c90-9935-11e9-b5c4-636b4da7e410] - page.onError - msg: TypeError: null is not an object (evaluating 'e.indexOf')

  phantomjs://platform/console++.js:263 in error
[ERROR - 2019-06-27T23:42:24.916Z] Session [33616c90-9935-11e9-b5c4-636b4da7e410] - page.onError - stack:
  (anonymous function) (https://cdn.appdynamics.com/adrum/adrum-latest.js:28)

  phantomjs://platform/console++.js:263 in error
[ERROR - 2019-06-27T23:42:24.916Z] Session [33616c90-9935-11e9-b5c4-636b4da7e410] - page.onError - msg: TypeError: null is not an object (evaluating 'e.indexOf')

  phantomjs://platform/console++.js:263 in error
[ERROR - 2019-06-27T23:42:24.916Z] Session [33616c90-9935-11e9-b5c4-636b4da7e410] - page.onError - stack:
  (anonymous function) (https://cdn.appdynamics.com/adrum/adrum-latest.js:28)

  phantomjs://platform/console++.js:263 in error
[ERROR - 2019-06-27T23:42:24.916Z] Session [33616c90-9935-11e9-b5c4-636b4da7e410] - page.onError - msg: TypeError: null is not an object (evaluating 'e.indexOf')

  phantomjs://platform/console++.js:263 in error
[ERROR - 2019-06-27T23:42:24.916Z] Session [33616c90-9935-11e9-b5c4-636b4da7e410] - page.onError - stack:
  (anonymous function) (https://cdn.appdynamics.com/adrum/adrum-latest.js:28)

  phantomjs://platform/console++.js:263 in error
[ERROR - 2019-06-27T23:42:24.916Z] Session [33616c90-9935-11e9-b5c4-636b4da7e410] - page.onError - msg: TypeError: null is not an object (evaluating 'e.indexOf')

  phantomjs://platform/console++.js:263 in error
[ERROR - 2019-06-27T23:42:24.916Z] Session [33616c90-9935-11e9-b5c4-636b4da7e410] - page.onError - stack:
  (anonymous function) (https://cdn.appdynamics.com/adrum/adrum-latest.js:28)

  phantomjs://platform/console++.js:263 in error
[ERROR - 2019-06-27T23:42:24.916Z] Session [33616c90-9935-11e9-b5c4-636b4da7e410] - page.onError - msg: TypeError: null is not an object (evaluating 'e.indexOf')

  phantomjs://platform/console++.js:263 in error
[ERROR - 2019-06-27T23:42:24.916Z] Session [33616c90-9935-11e9-b5c4-636b4da7e410] - page.onError - stack:
  (anonymous function) (https://cdn.appdynamics.com/adrum/adrum-latest.js:28)

  phantomjs://platform/console++.js:263 in error
[ERROR - 2019-06-27T23:42:24.916Z] Session [33616c90-9935-11e9-b5c4-636b4da7e410] - page.onError - msg: TypeError: null is not an object (evaluating 'e.indexOf')

  phantomjs://platform/console++.js:263 in error
[ERROR - 2019-06-27T23:42:24.917Z] Session [33616c90-9935-11e9-b5c4-636b4da7e410] - page.onError - stack:
  (anonymous function) (https://cdn.appdynamics.com/adrum/adrum-latest.js:28)

  phantomjs://platform/console++.js:263 in error
[ERROR - 2019-06-27T23:42:24.917Z] Session [33616c90-9935-11e9-b5c4-636b4da7e410] - page.onError - msg: TypeError: null is not an object (evaluating 'e.indexOf')

  phantomjs://platform/console++.js:263 in error
[ERROR - 2019-06-27T23:42:24.917Z] Session [33616c90-9935-11e9-b5c4-636b4da7e410] - page.onError - stack:
  (anonymous function) (https://cdn.appdynamics.com/adrum/adrum-latest.js:28)

  phantomjs://platform/console++.js:263 in error
[ERROR - 2019-06-27T23:42:24.917Z] Session [33616c90-9935-11e9-b5c4-636b4da7e410] - page.onError - msg: TypeError: null is not an object (evaluating 'e.indexOf')

  phantomjs://platform/console++.js:263 in error
[ERROR - 2019-06-27T23:42:24.917Z] Session [33616c90-9935-11e9-b5c4-636b4da7e410] - page.onError - stack:
  (anonymous function) (https://cdn.appdynamics.com/adrum/adrum-latest.js:28)

  phantomjs://platform/console++.js:263 in error
[ERROR - 2019-06-27T23:42:24.917Z] Session [33616c90-9935-11e9-b5c4-636b4da7e410] - page.onError - msg: TypeError: null is not an object (evaluating 'e.indexOf')

  phantomjs://platform/console++.js:263 in error
[ERROR - 2019-06-27T23:42:24.917Z] Session [33616c90-9935-11e9-b5c4-636b4da7e410] - page.onError - stack:
  (anonymous function) (https://cdn.appdynamics.com/adrum/adrum-latest.js:28)

  phantomjs://platform/console++.js:263 in error
[ERROR - 2019-06-27T23:42:24.917Z] Session [33616c90-9935-11e9-b5c4-636b4da7e410] - page.onError - msg: TypeError: null is not an object (evaluating 'e.indexOf')

  phantomjs://platform/console++.js:263 in error
[ERROR - 2019-06-27T23:42:24.917Z] Session [33616c90-9935-11e9-b5c4-636b4da7e410] - page.onError - stack:
  (anonymous function) (https://cdn.appdynamics.com/adrum/adrum-latest.js:28)

  phantomjs://platform/console++.js:263 in error
[ERROR - 2019-06-27T23:42:24.917Z] Session [33616c90-9935-11e9-b5c4-636b4da7e410] - page.onError - msg: TypeError: null is not an object (evaluating 'e.indexOf')

  phantomjs://platform/console++.js:263 in error
[ERROR - 2019-06-27T23:42:24.917Z] Session [33616c90-9935-11e9-b5c4-636b4da7e410] - page.onError - stack:
  (anonymous function) (https://cdn.appdynamics.com/adrum/adrum-latest.js:28)

  phantomjs://platform/console++.js:263 in error
[ERROR - 2019-06-27T23:42:24.917Z] Session [33616c90-9935-11e9-b5c4-636b4da7e410] - page.onError - msg: TypeError: null is not an object (evaluating 'e.indexOf')

  phantomjs://platform/console++.js:263 in error
[ERROR - 2019-06-27T23:42:24.917Z] Session [33616c90-9935-11e9-b5c4-636b4da7e410] - page.onError - stack:
  (anonymous function) (https://cdn.appdynamics.com/adrum/adrum-latest.js:28)

  phantomjs://platform/console++.js:263 in error
[ERROR - 2019-06-27T23:42:24.918Z] Session [33616c90-9935-11e9-b5c4-636b4da7e410] - page.onError - msg: TypeError: null is not an object (evaluating 'e.indexOf')

  phantomjs://platform/console++.js:263 in error
[ERROR - 2019-06-27T23:42:24.918Z] Session [33616c90-9935-11e9-b5c4-636b4da7e410] - page.onError - stack:
  (anonymous function) (https://cdn.appdynamics.com/adrum/adrum-latest.js:28)

  phantomjs://platform/console++.js:263 in error
[ERROR - 2019-06-27T23:42:24.918Z] Session [33616c90-9935-11e9-b5c4-636b4da7e410] - page.onError - msg: categoryService.getCategoryProducts(): Error:  TypeError: null is not an object (evaluating 'e.indexOf')

  phantomjs://platform/console++.js:263 in error
[ERROR - 2019-06-27T23:42:24.918Z] Session [33616c90-9935-11e9-b5c4-636b4da7e410] - page.onError - stack:
  (anonymous function) (https://cdn.appdynamics.com/adrum/adrum-latest.js:28)

  phantomjs://platform/console++.js:263 in error
[INFO  - 2019-06-27T23:47:16.477Z] SessionManagerReqHand - _cleanupWindowlessSessions - Asynchronous Sessions clean-up phase starting NOW
